<?xml version="1.0" encoding="UTF-8"?>
<testsuites name="Fake-RestFulBooker" tests="55" time="14.605">
  <testsuite name="auth" id="f9fe45b1-4a99-45c6-a63e-3f4f29117f81" timestamp="2021-04-15T02:44:30.309Z" tests="1" failures="0" errors="0" time="0.070">
    <testcase name="Status code is 200" time="0.060" classname="FakeRestFulBooker"/>
  </testsuite>
  <testsuite name="GetBookingIds" id="45b71f06-b268-4f48-8971-4c3fe9d41d39" timestamp="2021-04-15T02:44:30.309Z" tests="1" failures="0" errors="0" time="0.067">
    <testcase name="Status code is 200" time="0.061" classname="FakeRestFulBooker"/>
  </testsuite>
  <testsuite name="GetBooking" id="a87d60b4-b97f-43ea-b572-8ea3a181f9f4" timestamp="2021-04-15T02:44:30.309Z" tests="0" failures="0" errors="0" time="0.069"/>
  <testsuite name="CreateBooking" id="0fa4ecf7-9f24-466b-b2ae-5a4536e64fc4" timestamp="2021-04-15T02:44:30.309Z" tests="3" failures="0" errors="0" time="0.069">
    <testcase name="Status code is 200" time="0.090" classname="FakeRestFulBooker"/>
    <testcase name="firstname" time="0.090" classname="FakeRestFulBooker"/>
    <testcase name="lastname" time="0.090" classname="FakeRestFulBooker"/>
  </testsuite>
  <testsuite name="UpdateBooking" id="23a1132e-527b-4f4a-9315-2f1f2e9e170c" timestamp="2021-04-15T02:44:30.309Z" tests="3" failures="0" errors="0" time="0.066">
    <testcase name="Status code is 200" time="0.067" classname="FakeRestFulBooker"/>
    <testcase name="firstname" time="0.067" classname="FakeRestFulBooker"/>
    <testcase name="lastname" time="0.067" classname="FakeRestFulBooker"/>
  </testsuite>
  <testsuite name="PartialUpdateBooking" id="04f51c5f-4464-437c-9719-edf6adb5d5c9" timestamp="2021-04-15T02:44:30.309Z" tests="1" failures="20" errors="20" time="0.062">
    <system-err><![CDATA[Iteration: 0

---
testScriptError: Unexpected token 'M' at 1:1
Method Not Allowed
^
---
Iteration: 0

---
testScriptError: Unexpected token 'M' at 1:1
Method Not Allowed
^
---
Iteration: 0

---
testScriptError: Unexpected token 'M' at 1:1
Method Not Allowed
^
---
Iteration: 0

---
testScriptError: Unexpected token 'M' at 1:1
Method Not Allowed
^
---
Iteration: 1

---
testScriptError: Unexpected token 'M' at 1:1
Method Not Allowed
^
---
Iteration: 1

---
testScriptError: Unexpected token 'M' at 1:1
Method Not Allowed
^
---
Iteration: 1

---
testScriptError: Unexpected token 'M' at 1:1
Method Not Allowed
^
---
Iteration: 1

---
testScriptError: Unexpected token 'M' at 1:1
Method Not Allowed
^
---
Iteration: 2

---
testScriptError: Unexpected token 'M' at 1:1
Method Not Allowed
^
---
Iteration: 2

---
testScriptError: Unexpected token 'M' at 1:1
Method Not Allowed
^
---
Iteration: 2

---
testScriptError: Unexpected token 'M' at 1:1
Method Not Allowed
^
---
Iteration: 2

---
testScriptError: Unexpected token 'M' at 1:1
Method Not Allowed
^
---
Iteration: 3

---
testScriptError: Unexpected token 'M' at 1:1
Method Not Allowed
^
---
Iteration: 3

---
testScriptError: Unexpected token 'M' at 1:1
Method Not Allowed
^
---
Iteration: 3

---
testScriptError: Unexpected token 'M' at 1:1
Method Not Allowed
^
---
Iteration: 3

---
testScriptError: Unexpected token 'M' at 1:1
Method Not Allowed
^
---
Iteration: 4

---
testScriptError: Unexpected token 'M' at 1:1
Method Not Allowed
^
---
Iteration: 4

---
testScriptError: Unexpected token 'M' at 1:1
Method Not Allowed
^
---
Iteration: 4

---
testScriptError: Unexpected token 'M' at 1:1
Method Not Allowed
^
---
Iteration: 4

---
testScriptError: Unexpected token 'M' at 1:1
Method Not Allowed
^
---
]]></system-err>
    <testcase name="Status code is 200" time="0.061" classname="FakeRestFulBooker">
      <failure type="AssertionFailure" message="expected response to have status code 200 but got 405">
        <![CDATA[Failed 20 times.]]>
        <![CDATA[Collection JSON ID: 8926e2c3-e953-47c5-b5ff-a697bfaae7ea.]]>
        <![CDATA[Collection name: Fake-RestFulBooker.]]>
        <![CDATA[Request name: PartialUpdateBooking.]]>
        <![CDATA[Test description: Status code is 200.]]>
        <![CDATA[Error message: expected response to have status code 200 but got 405.]]>
        <![CDATA[Stacktrace: AssertionError: expected response to have status code 200 but got 405
   at Object.eval sandbox-script.js:1:6).]]>
      </failure>
    </testcase>
  </testsuite>
  <testsuite name="DeleteBooking" id="6493d539-8f6c-4612-8e69-a16b9fde4d2a" timestamp="2021-04-15T02:44:30.309Z" tests="1" failures="0" errors="0" time="0.066">
    <testcase name="Status code is 201" time="0.072" classname="FakeRestFulBooker"/>
  </testsuite>
  <testsuite name="ping" id="2f3b23a0-525f-4b32-b4ef-6edc0ae8728d" timestamp="2021-04-15T02:44:30.309Z" tests="1" failures="0" errors="0" time="0.069">
    <testcase name="Status code is 201" time="0.066" classname="FakeRestFulBooker"/>
  </testsuite>
  <testsuite name="GetBooking" id="1322b619-71f4-4f5e-ad5d-3a16304374db" timestamp="2021-04-15T02:44:30.309Z" tests="1" failures="15" errors="0" time="0.110">
    <testcase name="Status code is 200" time="0.074" classname="FakeRestFulBooker">
      <failure type="AssertionFailure" message="expected response to have status code 200 but got 404">
        <![CDATA[Failed 15 times.]]>
        <![CDATA[Collection JSON ID: 8926e2c3-e953-47c5-b5ff-a697bfaae7ea.]]>
        <![CDATA[Collection name: Fake-RestFulBooker.]]>
        <![CDATA[Request name: GetBooking.]]>
        <![CDATA[Test description: Status code is 200.]]>
        <![CDATA[Error message: expected response to have status code 200 but got 404.]]>
        <![CDATA[Stacktrace: AssertionError: expected response to have status code 200 but got 404
   at Object.eval sandbox-script.js:1:9).]]>
      </failure>
    </testcase>
  </testsuite>
  <testsuite name="PartialUpdateBooking Copy" id="cceb3a1d-d20a-4a20-b3e2-030cc781095e" timestamp="2021-04-15T02:44:30.309Z" tests="1" failures="20" errors="20" time="0.148">
    <system-err><![CDATA[Iteration: 0

---
testScriptError: Unexpected token 'M' at 1:1
Method Not Allowed
^
---
Iteration: 0

---
testScriptError: Unexpected token 'M' at 1:1
Method Not Allowed
^
---
Iteration: 0

---
testScriptError: Unexpected token 'M' at 1:1
Method Not Allowed
^
---
Iteration: 0

---
testScriptError: Unexpected token 'M' at 1:1
Method Not Allowed
^
---
Iteration: 1

---
testScriptError: Unexpected token 'M' at 1:1
Method Not Allowed
^
---
Iteration: 1

---
testScriptError: Unexpected token 'M' at 1:1
Method Not Allowed
^
---
Iteration: 1

---
testScriptError: Unexpected token 'M' at 1:1
Method Not Allowed
^
---
Iteration: 1

---
testScriptError: Unexpected token 'M' at 1:1
Method Not Allowed
^
---
Iteration: 2

---
testScriptError: Unexpected token 'M' at 1:1
Method Not Allowed
^
---
Iteration: 2

---
testScriptError: Unexpected token 'M' at 1:1
Method Not Allowed
^
---
Iteration: 2

---
testScriptError: Unexpected token 'M' at 1:1
Method Not Allowed
^
---
Iteration: 2

---
testScriptError: Unexpected token 'M' at 1:1
Method Not Allowed
^
---
Iteration: 3

---
testScriptError: Unexpected token 'M' at 1:1
Method Not Allowed
^
---
Iteration: 3

---
testScriptError: Unexpected token 'M' at 1:1
Method Not Allowed
^
---
Iteration: 3

---
testScriptError: Unexpected token 'M' at 1:1
Method Not Allowed
^
---
Iteration: 3

---
testScriptError: Unexpected token 'M' at 1:1
Method Not Allowed
^
---
Iteration: 4

---
testScriptError: Unexpected token 'M' at 1:1
Method Not Allowed
^
---
Iteration: 4

---
testScriptError: Unexpected token 'M' at 1:1
Method Not Allowed
^
---
Iteration: 4

---
testScriptError: Unexpected token 'M' at 1:1
Method Not Allowed
^
---
Iteration: 4

---
testScriptError: Unexpected token 'M' at 1:1
Method Not Allowed
^
---
]]></system-err>
    <testcase name="Status code is 200" time="0.109" classname="FakeRestFulBooker">
      <failure type="AssertionFailure" message="expected response to have status code 200 but got 405">
        <![CDATA[Failed 20 times.]]>
        <![CDATA[Collection JSON ID: 8926e2c3-e953-47c5-b5ff-a697bfaae7ea.]]>
        <![CDATA[Collection name: Fake-RestFulBooker.]]>
        <![CDATA[Request name: PartialUpdateBooking Copy.]]>
        <![CDATA[Test description: Status code is 200.]]>
        <![CDATA[Error message: expected response to have status code 200 but got 405.]]>
        <![CDATA[Stacktrace: AssertionError: expected response to have status code 200 but got 405
   at Object.eval sandbox-script.js:1:10).]]>
      </failure>
    </testcase>
  </testsuite>
  <testsuite name="DeleteBooking" id="d71eec6c-a216-4005-9906-bbb505d7553d" timestamp="2021-04-15T02:44:30.309Z" tests="1" failures="15" errors="0" time="0.086">
    <testcase name="Status code is 201" time="0.083" classname="FakeRestFulBooker">
      <failure type="AssertionFailure" message="expected response to have status code 201 but got 405">
        <![CDATA[Failed 15 times.]]>
        <![CDATA[Collection JSON ID: 8926e2c3-e953-47c5-b5ff-a697bfaae7ea.]]>
        <![CDATA[Collection name: Fake-RestFulBooker.]]>
        <![CDATA[Request name: DeleteBooking.]]>
        <![CDATA[Test description: Status code is 201.]]>
        <![CDATA[Error message: expected response to have status code 201 but got 405.]]>
        <![CDATA[Stacktrace: AssertionError: expected response to have status code 201 but got 405
   at Object.eval sandbox-script.js:1:11).]]>
      </failure>
    </testcase>
  </testsuite>
</testsuites>